#0 building with "desktop-linux" instance using docker driver

#1 [quotes-service internal] load build definition from Dockerfile
#1 transferring dockerfile: 368B 0.0s done
#1 DONE 0.1s

#2 [quotes-service internal] load metadata for docker.io/library/alpine:3.21
#2 ...

#3 [quotes-service internal] load metadata for docker.io/library/golang:1.24
#3 DONE 0.4s

#2 [quotes-service internal] load metadata for docker.io/library/alpine:3.21
#2 DONE 0.4s

#4 [quotes-service internal] load .dockerignore
#4 transferring context: 2B done
#4 DONE 0.1s

#5 [quotes-service internal] load build context
#5 DONE 0.0s

#6 [quotes-service stage-1 1/3] FROM docker.io/library/alpine:3.21@sha256:a8560b36e8b8210634f77d9f7f9efd7ffa463e380b75e2e74aff4511df3ef88c
#6 resolve docker.io/library/alpine:3.21@sha256:a8560b36e8b8210634f77d9f7f9efd7ffa463e380b75e2e74aff4511df3ef88c
#6 resolve docker.io/library/alpine:3.21@sha256:a8560b36e8b8210634f77d9f7f9efd7ffa463e380b75e2e74aff4511df3ef88c 0.1s done
#6 DONE 0.1s

#7 [quotes-service builder 1/6] FROM docker.io/library/golang:1.24@sha256:4c0a1814a7c6c65ece28b3bfea14ee3cf83b5e80b81418453f0e9d5255a5d7b8
#7 resolve docker.io/library/golang:1.24@sha256:4c0a1814a7c6c65ece28b3bfea14ee3cf83b5e80b81418453f0e9d5255a5d7b8
#7 resolve docker.io/library/golang:1.24@sha256:4c0a1814a7c6c65ece28b3bfea14ee3cf83b5e80b81418453f0e9d5255a5d7b8 0.1s done
#7 DONE 0.1s

#5 [quotes-service internal] load build context
#5 transferring context: 25.68kB 0.1s done
#5 DONE 0.1s

#8 [quotes-service builder 2/6] WORKDIR /app
#8 CACHED

#9 [quotes-service builder 3/6] COPY . .
#9 DONE 0.3s

#10 [quotes-service builder 4/6] RUN go mod download
#10 0.543 go: no module dependencies to download
#10 DONE 0.6s

#11 [quotes-service builder 5/6] RUN go test ./... -race -cover -v
#11 21.40 	github.com/paxaf/BrandScoutTest/cmd		coverage: 0.0% of statements
#11 21.40 	github.com/paxaf/BrandScoutTest/internal/app		coverage: 0.0% of statements
#11 22.86 === RUN   TestAddHandler
#11 22.86 === PAUSE TestAddHandler
#11 22.86 === RUN   TestGetAllHandler
#11 22.86 === PAUSE TestGetAllHandler
#11 22.86 === RUN   TestGetRandHandler
#11 22.86 === PAUSE TestGetRandHandler
#11 22.86 === RUN   TestByAuthorHandler
#11 22.86 === PAUSE TestByAuthorHandler
#11 22.86 === RUN   TestDeleteHandler
#11 22.86 === PAUSE TestDeleteHandler
#11 22.86 === RUN   TestParseQuoteFromReq
#11 22.86 === PAUSE TestParseQuoteFromReq
#11 22.86 === CONT  TestGetAllHandler
#11 22.86 === CONT  TestByAuthorHandler
#11 22.86 === CONT  TestGetRandHandler
#11 22.86 === RUN   TestByAuthorHandler/success
#11 22.86 === RUN   TestGetRandHandler/success
#11 22.86 === RUN   TestGetAllHandler/success_with_quotes
#11 22.86 === PAUSE TestGetAllHandler/success_with_quotes
#11 22.86 === CONT  TestAddHandler
#11 22.86 === CONT  TestDeleteHandler
#11 22.86 === RUN   TestAddHandler/success
#11 22.86 === RUN   TestDeleteHandler/success
#11 22.86 === PAUSE TestByAuthorHandler/success
#11 22.86 === PAUSE TestDeleteHandler/success
#11 22.86 === RUN   TestDeleteHandler/not_found
#11 22.86 === RUN   TestByAuthorHandler/no_content
#11 22.86 === PAUSE TestDeleteHandler/not_found
#11 22.86 === RUN   TestGetAllHandler/empty_storage
#11 22.86 === PAUSE TestByAuthorHandler/no_content
#11 22.86 === RUN   TestByAuthorHandler/missing_author_parameter
#11 22.86 === CONT  TestParseQuoteFromReq
#11 22.86 === PAUSE TestAddHandler/success
#11 22.86 === PAUSE TestByAuthorHandler/missing_author_parameter
#11 22.86 === PAUSE TestGetRandHandler/success
#11 22.86 === RUN   TestDeleteHandler/service_error
#11 22.86 === CONT  TestByAuthorHandler/no_content
#11 22.86 === RUN   TestGetRandHandler/no_content
#11 22.86 === PAUSE TestGetAllHandler/empty_storage
#11 22.86 === RUN   TestGetAllHandler/wrong_method
#11 22.86 === PAUSE TestDeleteHandler/service_error
#11 22.86 === PAUSE TestGetAllHandler/wrong_method
#11 22.86 === CONT  TestGetAllHandler/empty_storage
#11 22.86 === RUN   TestDeleteHandler/missing_id_in_path
#11 22.86 === PAUSE TestDeleteHandler/missing_id_in_path
#11 22.86 === CONT  TestDeleteHandler/not_found
#11 22.86 === CONT  TestGetAllHandler/wrong_method
#11 22.86 === CONT  TestDeleteHandler/service_error
#11 22.86 2025/05/29 14:14:54 not found
#11 22.86 === CONT  TestDeleteHandler/missing_id_in_path
#11 22.86 === CONT  TestDeleteHandler/success
#11 22.86 2025/05/29 14:14:54 mock error
#11 22.86 2025/05/29 14:14:54 not found
#11 22.86 === RUN   TestParseQuoteFromReq/valid
#11 22.86 === CONT  TestByAuthorHandler/success
#11 22.86 === CONT  TestByAuthorHandler/missing_author_parameter
#11 22.86 === PAUSE TestGetRandHandler/no_content
#11 22.86 === CONT  TestGetRandHandler/success
#11 22.86 === CONT  TestGetAllHandler/success_with_quotes
#11 22.86 === RUN   TestAddHandler/wrong_method
#11 22.86 --- PASS: TestDeleteHandler (0.00s)
#11 22.86     --- PASS: TestDeleteHandler/not_found (0.00s)
#11 22.86     --- PASS: TestDeleteHandler/service_error (0.00s)
#11 22.86     --- PASS: TestDeleteHandler/success (0.00s)
#11 22.86     --- PASS: TestDeleteHandler/missing_id_in_path (0.00s)
#11 22.86 === PAUSE TestParseQuoteFromReq/valid
#11 22.86 === CONT  TestGetRandHandler/no_content
#11 22.86 --- PASS: TestGetAllHandler (0.00s)
#11 22.86     --- PASS: TestGetAllHandler/wrong_method (0.00s)
#11 22.86     --- PASS: TestGetAllHandler/empty_storage (0.00s)
#11 22.86     --- PASS: TestGetAllHandler/success_with_quotes (0.00s)
#11 22.86 === RUN   TestParseQuoteFromReq/invalid_content_type
#11 22.86 --- PASS: TestByAuthorHandler (0.00s)
#11 22.86     --- PASS: TestByAuthorHandler/no_content (0.00s)
#11 22.86     --- PASS: TestByAuthorHandler/success (0.00s)
#11 22.86     --- PASS: TestByAuthorHandler/missing_author_parameter (0.00s)
#11 22.86 === PAUSE TestAddHandler/wrong_method
#11 22.86 --- PASS: TestGetRandHandler (0.00s)
#11 22.86     --- PASS: TestGetRandHandler/success (0.00s)
#11 22.86     --- PASS: TestGetRandHandler/no_content (0.00s)
#11 22.86 === PAUSE TestParseQuoteFromReq/invalid_content_type
#11 22.86 === RUN   TestParseQuoteFromReq/malformed_json
#11 22.86 === PAUSE TestParseQuoteFromReq/malformed_json
#11 22.86 === RUN   TestParseQuoteFromReq/empty_body
#11 22.86 === RUN   TestAddHandler/invalid_content_type
#11 22.86 === PAUSE TestAddHandler/invalid_content_type
#11 22.86 === PAUSE TestParseQuoteFromReq/empty_body
#11 22.86 === RUN   TestAddHandler/malformed_JSON
#11 22.86 === CONT  TestParseQuoteFromReq/valid
#11 22.86 === CONT  TestParseQuoteFromReq/empty_body
#11 22.86 === CONT  TestParseQuoteFromReq/malformed_json
#11 22.86 === CONT  TestParseQuoteFromReq/invalid_content_type
#11 22.86 === PAUSE TestAddHandler/malformed_JSON
#11 22.86 === CONT  TestAddHandler/success
#11 22.86 === CONT  TestAddHandler/malformed_JSON
#11 22.86 --- PASS: TestParseQuoteFromReq (0.00s)
#11 22.86     --- PASS: TestParseQuoteFromReq/valid (0.00s)
#11 22.86     --- PASS: TestParseQuoteFromReq/malformed_json (0.00s)
#11 22.86     --- PASS: TestParseQuoteFromReq/invalid_content_type (0.00s)
#11 22.86     --- PASS: TestParseQuoteFromReq/empty_body (0.00s)
#11 22.86 === CONT  TestAddHandler/invalid_content_type
#11 22.86 === CONT  TestAddHandler/wrong_method
#11 22.86 --- PASS: TestAddHandler (0.01s)
#11 22.86     --- PASS: TestAddHandler/success (0.00s)
#11 22.86     --- PASS: TestAddHandler/malformed_JSON (0.00s)
#11 22.86     --- PASS: TestAddHandler/invalid_content_type (0.00s)
#11 22.86     --- PASS: TestAddHandler/wrong_method (0.00s)
#11 22.86 PASS
#11 22.86 coverage: 79.7% of statements
#11 22.86 ok  	github.com/paxaf/BrandScoutTest/internal/controller	1.039s	coverage: 79.7% of statements
#11 22.86 	github.com/paxaf/BrandScoutTest/internal/controller/middleware		coverage: 0.0% of statements
#11 22.86 ?   	github.com/paxaf/BrandScoutTest/internal/entity	[no test files]
#11 22.86 ?   	github.com/paxaf/BrandScoutTest/internal/repo	[no test files]
#11 22.86 	github.com/paxaf/BrandScoutTest/internal/repo/engine		coverage: 0.0% of statements
#11 22.86 	github.com/paxaf/BrandScoutTest/internal/usecase		coverage: 0.0% of statements
#11 DONE 23.5s

#12 [quotes-service builder 6/6] RUN go build -o quotes_app ./cmd
#12 DONE 15.3s

#13 [quotes-service stage-1 2/3] WORKDIR /app
#13 CACHED

#14 [quotes-service stage-1 3/3] COPY --from=builder /app/quotes_app quotes_app
#14 DONE 0.2s

#15 [quotes-service] exporting to image
#15 exporting layers
#15 exporting layers 0.8s done
#15 exporting manifest sha256:c77ee4f418b71f71020e5c99e1f7f425b0e956e76e49c0c1056885b0244f71ef 0.0s done
#15 exporting config sha256:b9a7afdf9fdf9f6e01a527cd7be78355376e87372dd48e3b6f5819a9349e8404 0.0s done
#15 exporting attestation manifest sha256:fdd8f415c8f592cdcaa9c10b31e76465b1a8be9c2e750fd1711cd85ed3789397
#15 exporting attestation manifest sha256:fdd8f415c8f592cdcaa9c10b31e76465b1a8be9c2e750fd1711cd85ed3789397 0.1s done
#15 exporting manifest list sha256:5637dde3b19372462d16d60e3bce7b984c6eeedfd627a9ef882d57b7df45d67f 0.0s done
#15 naming to docker.io/library/brandscouttest-quotes-service:latest
#15 naming to docker.io/library/brandscouttest-quotes-service:latest done
#15 unpacking to docker.io/library/brandscouttest-quotes-service:latest
#15 unpacking to docker.io/library/brandscouttest-quotes-service:latest 0.2s done
#15 DONE 1.2s

#16 [quotes-service] resolving provenance for metadata file
#16 DONE 0.0s
